[INFO  - 2017-06-13T01:22:36.441Z] GhostDriver - Main - running on port 50590
[INFO  - 2017-06-13T01:22:37.429Z] Session [c923ed20-4fd6-11e7-981e-39bc20f4b8c7] - page.settings - {"XSSAuditingEnabled":false,"javascriptCanCloseWindows":true,"javascriptCanOpenWindows":true,"javascriptEnabled":true,"loadImages":true,"localToRemoteUrlAccessEnabled":false,"userAgent":"Mozilla/5.0 (Unknown; Linux x86_64) AppleWebKit/538.1 (KHTML, like Gecko) PhantomJS/2.1.1 Safari/538.1","webSecurityEnabled":true}
[INFO  - 2017-06-13T01:22:37.429Z] Session [c923ed20-4fd6-11e7-981e-39bc20f4b8c7] - page.customHeaders:  - {}
[INFO  - 2017-06-13T01:22:37.429Z] Session [c923ed20-4fd6-11e7-981e-39bc20f4b8c7] - Session.negotiatedCapabilities - {"browserName":"phantomjs","version":"2.1.1","driverName":"ghostdriver","driverVersion":"1.2.0","platform":"linux-unknown-64bit","javascriptEnabled":true,"takesScreenshot":true,"handlesAlerts":false,"databaseEnabled":false,"locationContextEnabled":false,"applicationCacheEnabled":false,"browserConnectionEnabled":false,"cssSelectorsEnabled":true,"webStorageEnabled":false,"rotatable":false,"acceptSslCerts":false,"nativeEvents":true,"proxy":{"proxyType":"direct"}}
[INFO  - 2017-06-13T01:22:37.429Z] SessionManagerReqHand - _postNewSessionCommand - New Session Created: c923ed20-4fd6-11e7-981e-39bc20f4b8c7
[ERROR - 2017-06-13T01:22:47.113Z] WebElementLocator - _handleLocateCommand - Element(s) NOT Found: GAVE UP. Search Stop Time: 1497316967078

  phantomjs://platform/console++.js:263 in error
[ERROR - 2017-06-13T01:22:48.169Z] WebElementLocator - _handleLocateCommand - Element(s) NOT Found: GAVE UP. Search Stop Time: 1497316968162

  phantomjs://platform/console++.js:263 in error
[ERROR - 2017-06-13T01:23:00.407Z] WebElementLocator - _handleLocateCommand - Element(s) NOT Found: GAVE UP. Search Stop Time: 1497316980392

  phantomjs://platform/console++.js:263 in error
[ERROR - 2017-06-13T01:23:01.276Z] WebElementLocator - _handleLocateCommand - Element(s) NOT Found: GAVE UP. Search Stop Time: 1497316981237

  phantomjs://platform/console++.js:263 in error
[ERROR - 2017-06-13T01:23:02.137Z] WebElementLocator - _handleLocateCommand - Element(s) NOT Found: GAVE UP. Search Stop Time: 1497316982114

  phantomjs://platform/console++.js:263 in error
[ERROR - 2017-06-13T01:23:02.990Z] WebElementLocator - _handleLocateCommand - Element(s) NOT Found: GAVE UP. Search Stop Time: 1497316982981

  phantomjs://platform/console++.js:263 in error
[INFO  - 2017-06-13T01:27:36.434Z] SessionManagerReqHand - _cleanupWindowlessSessions - Asynchronous Sessions clean-up phase starting NOW
[INFO  - 2017-06-13T01:32:36.434Z] SessionManagerReqHand - _cleanupWindowlessSessions - Asynchronous Sessions clean-up phase starting NOW
[INFO  - 2017-06-13T01:37:37.604Z] SessionManagerReqHand - _cleanupWindowlessSessions - Asynchronous Sessions clean-up phase starting NOW
[INFO  - 2017-06-13T01:42:38.129Z] SessionManagerReqHand - _cleanupWindowlessSessions - Asynchronous Sessions clean-up phase starting NOW
[INFO  - 2017-06-13T01:47:38.445Z] SessionManagerReqHand - _cleanupWindowlessSessions - Asynchronous Sessions clean-up phase starting NOW
[INFO  - 2017-06-13T01:52:39.046Z] SessionManagerReqHand - _cleanupWindowlessSessions - Asynchronous Sessions clean-up phase starting NOW
