[INFO  - 2017-06-10T19:59:44.695Z] GhostDriver - Main - running on port 54757
[INFO  - 2017-06-10T19:59:45.373Z] Session [59ab6ab0-4e17-11e7-acd8-4bbcb4323eb7] - page.settings - {"XSSAuditingEnabled":false,"javascriptCanCloseWindows":true,"javascriptCanOpenWindows":true,"javascriptEnabled":true,"loadImages":true,"localToRemoteUrlAccessEnabled":false,"userAgent":"Mozilla/5.0 (Unknown; Linux x86_64) AppleWebKit/538.1 (KHTML, like Gecko) PhantomJS/2.1.1 Safari/538.1","webSecurityEnabled":true}
[INFO  - 2017-06-10T19:59:45.374Z] Session [59ab6ab0-4e17-11e7-acd8-4bbcb4323eb7] - page.customHeaders:  - {}
[INFO  - 2017-06-10T19:59:45.374Z] Session [59ab6ab0-4e17-11e7-acd8-4bbcb4323eb7] - Session.negotiatedCapabilities - {"browserName":"phantomjs","version":"2.1.1","driverName":"ghostdriver","driverVersion":"1.2.0","platform":"linux-unknown-64bit","javascriptEnabled":true,"takesScreenshot":true,"handlesAlerts":false,"databaseEnabled":false,"locationContextEnabled":false,"applicationCacheEnabled":false,"browserConnectionEnabled":false,"cssSelectorsEnabled":true,"webStorageEnabled":false,"rotatable":false,"acceptSslCerts":false,"nativeEvents":true,"proxy":{"proxyType":"direct"}}
[INFO  - 2017-06-10T19:59:45.374Z] SessionManagerReqHand - _postNewSessionCommand - New Session Created: 59ab6ab0-4e17-11e7-acd8-4bbcb4323eb7
[INFO  - 2017-06-10T20:01:54.983Z] SessionManagerReqHand - _cleanupWindowlessSessions - Asynchronous Sessions clean-up phase starting NOW
[INFO  - 2017-06-10T20:06:54.983Z] SessionManagerReqHand - _cleanupWindowlessSessions - Asynchronous Sessions clean-up phase starting NOW
[INFO  - 2017-06-10T20:11:54.983Z] SessionManagerReqHand - _cleanupWindowlessSessions - Asynchronous Sessions clean-up phase starting NOW
[INFO  - 2017-06-10T20:16:54.983Z] SessionManagerReqHand - _cleanupWindowlessSessions - Asynchronous Sessions clean-up phase starting NOW
[INFO  - 2017-06-10T20:21:54.983Z] SessionManagerReqHand - _cleanupWindowlessSessions - Asynchronous Sessions clean-up phase starting NOW
[INFO  - 2017-06-10T20:26:54.984Z] SessionManagerReqHand - _cleanupWindowlessSessions - Asynchronous Sessions clean-up phase starting NOW
[INFO  - 2017-06-10T20:31:54.984Z] SessionManagerReqHand - _cleanupWindowlessSessions - Asynchronous Sessions clean-up phase starting NOW
[INFO  - 2017-06-10T20:36:54.984Z] SessionManagerReqHand - _cleanupWindowlessSessions - Asynchronous Sessions clean-up phase starting NOW
[INFO  - 2017-06-10T20:41:54.984Z] SessionManagerReqHand - _cleanupWindowlessSessions - Asynchronous Sessions clean-up phase starting NOW
[INFO  - 2017-06-10T20:46:54.984Z] SessionManagerReqHand - _cleanupWindowlessSessions - Asynchronous Sessions clean-up phase starting NOW
[INFO  - 2017-06-10T20:51:54.984Z] SessionManagerReqHand - _cleanupWindowlessSessions - Asynchronous Sessions clean-up phase starting NOW
[INFO  - 2017-06-10T20:56:55.128Z] SessionManagerReqHand - _cleanupWindowlessSessions - Asynchronous Sessions clean-up phase starting NOW
[INFO  - 2017-06-10T21:01:54.984Z] SessionManagerReqHand - _cleanupWindowlessSessions - Asynchronous Sessions clean-up phase starting NOW
[INFO  - 2017-06-10T21:06:54.984Z] SessionManagerReqHand - _cleanupWindowlessSessions - Asynchronous Sessions clean-up phase starting NOW
[INFO  - 2017-06-10T21:11:54.984Z] SessionManagerReqHand - _cleanupWindowlessSessions - Asynchronous Sessions clean-up phase starting NOW
[INFO  - 2017-06-10T21:16:54.984Z] SessionManagerReqHand - _cleanupWindowlessSessions - Asynchronous Sessions clean-up phase starting NOW
[INFO  - 2017-06-10T21:21:54.984Z] SessionManagerReqHand - _cleanupWindowlessSessions - Asynchronous Sessions clean-up phase starting NOW
[INFO  - 2017-06-10T21:26:54.984Z] SessionManagerReqHand - _cleanupWindowlessSessions - Asynchronous Sessions clean-up phase starting NOW
[INFO  - 2017-06-10T21:31:54.984Z] SessionManagerReqHand - _cleanupWindowlessSessions - Asynchronous Sessions clean-up phase starting NOW
[INFO  - 2017-06-10T21:36:54.984Z] SessionManagerReqHand - _cleanupWindowlessSessions - Asynchronous Sessions clean-up phase starting NOW
[INFO  - 2017-06-10T21:41:54.984Z] SessionManagerReqHand - _cleanupWindowlessSessions - Asynchronous Sessions clean-up phase starting NOW
[INFO  - 2017-06-10T21:46:54.984Z] SessionManagerReqHand - _cleanupWindowlessSessions - Asynchronous Sessions clean-up phase starting NOW
[INFO  - 2017-06-10T21:51:54.984Z] SessionManagerReqHand - _cleanupWindowlessSessions - Asynchronous Sessions clean-up phase starting NOW
[INFO  - 2017-06-10T21:56:54.984Z] SessionManagerReqHand - _cleanupWindowlessSessions - Asynchronous Sessions clean-up phase starting NOW
[INFO  - 2017-06-10T22:01:54.984Z] SessionManagerReqHand - _cleanupWindowlessSessions - Asynchronous Sessions clean-up phase starting NOW
[INFO  - 2017-06-10T22:06:54.984Z] SessionManagerReqHand - _cleanupWindowlessSessions - Asynchronous Sessions clean-up phase starting NOW
[INFO  - 2017-06-10T22:11:54.984Z] SessionManagerReqHand - _cleanupWindowlessSessions - Asynchronous Sessions clean-up phase starting NOW
[INFO  - 2017-06-10T22:16:54.984Z] SessionManagerReqHand - _cleanupWindowlessSessions - Asynchronous Sessions clean-up phase starting NOW
[INFO  - 2017-06-10T22:21:54.984Z] SessionManagerReqHand - _cleanupWindowlessSessions - Asynchronous Sessions clean-up phase starting NOW
[INFO  - 2017-06-10T22:26:54.984Z] SessionManagerReqHand - _cleanupWindowlessSessions - Asynchronous Sessions clean-up phase starting NOW
[INFO  - 2017-06-10T22:31:54.984Z] SessionManagerReqHand - _cleanupWindowlessSessions - Asynchronous Sessions clean-up phase starting NOW
[INFO  - 2017-06-10T22:36:54.984Z] SessionManagerReqHand - _cleanupWindowlessSessions - Asynchronous Sessions clean-up phase starting NOW
[INFO  - 2017-06-10T22:41:54.984Z] SessionManagerReqHand - _cleanupWindowlessSessions - Asynchronous Sessions clean-up phase starting NOW
[INFO  - 2017-06-10T22:46:54.984Z] SessionManagerReqHand - _cleanupWindowlessSessions - Asynchronous Sessions clean-up phase starting NOW
[INFO  - 2017-06-10T22:51:54.984Z] SessionManagerReqHand - _cleanupWindowlessSessions - Asynchronous Sessions clean-up phase starting NOW
[INFO  - 2017-06-10T22:56:54.984Z] SessionManagerReqHand - _cleanupWindowlessSessions - Asynchronous Sessions clean-up phase starting NOW
[INFO  - 2017-06-10T23:01:54.984Z] SessionManagerReqHand - _cleanupWindowlessSessions - Asynchronous Sessions clean-up phase starting NOW
[INFO  - 2017-06-10T23:06:54.984Z] SessionManagerReqHand - _cleanupWindowlessSessions - Asynchronous Sessions clean-up phase starting NOW
[INFO  - 2017-06-10T23:11:55.959Z] SessionManagerReqHand - _cleanupWindowlessSessions - Asynchronous Sessions clean-up phase starting NOW
[INFO  - 2017-06-10T23:16:54.984Z] SessionManagerReqHand - _cleanupWindowlessSessions - Asynchronous Sessions clean-up phase starting NOW
[INFO  - 2017-06-10T23:21:54.984Z] SessionManagerReqHand - _cleanupWindowlessSessions - Asynchronous Sessions clean-up phase starting NOW
[INFO  - 2017-06-10T23:26:54.984Z] SessionManagerReqHand - _cleanupWindowlessSessions - Asynchronous Sessions clean-up phase starting NOW
[INFO  - 2017-06-10T23:31:54.984Z] SessionManagerReqHand - _cleanupWindowlessSessions - Asynchronous Sessions clean-up phase starting NOW
[INFO  - 2017-06-10T23:36:54.984Z] SessionManagerReqHand - _cleanupWindowlessSessions - Asynchronous Sessions clean-up phase starting NOW
[INFO  - 2017-06-10T23:41:54.984Z] SessionManagerReqHand - _cleanupWindowlessSessions - Asynchronous Sessions clean-up phase starting NOW
[INFO  - 2017-06-10T23:46:54.985Z] SessionManagerReqHand - _cleanupWindowlessSessions - Asynchronous Sessions clean-up phase starting NOW
[INFO  - 2017-06-10T23:51:54.984Z] SessionManagerReqHand - _cleanupWindowlessSessions - Asynchronous Sessions clean-up phase starting NOW
[INFO  - 2017-06-10T23:56:54.984Z] SessionManagerReqHand - _cleanupWindowlessSessions - Asynchronous Sessions clean-up phase starting NOW
[INFO  - 2017-06-11T00:01:54.984Z] SessionManagerReqHand - _cleanupWindowlessSessions - Asynchronous Sessions clean-up phase starting NOW
[INFO  - 2017-06-11T00:06:54.984Z] SessionManagerReqHand - _cleanupWindowlessSessions - Asynchronous Sessions clean-up phase starting NOW
[INFO  - 2017-06-11T00:11:54.984Z] SessionManagerReqHand - _cleanupWindowlessSessions - Asynchronous Sessions clean-up phase starting NOW
[INFO  - 2017-06-11T00:16:54.984Z] SessionManagerReqHand - _cleanupWindowlessSessions - Asynchronous Sessions clean-up phase starting NOW
[INFO  - 2017-06-11T00:21:54.984Z] SessionManagerReqHand - _cleanupWindowlessSessions - Asynchronous Sessions clean-up phase starting NOW
[INFO  - 2017-06-11T00:26:54.984Z] SessionManagerReqHand - _cleanupWindowlessSessions - Asynchronous Sessions clean-up phase starting NOW
[INFO  - 2017-06-11T00:31:54.984Z] SessionManagerReqHand - _cleanupWindowlessSessions - Asynchronous Sessions clean-up phase starting NOW
[INFO  - 2017-06-11T00:36:54.984Z] SessionManagerReqHand - _cleanupWindowlessSessions - Asynchronous Sessions clean-up phase starting NOW
[INFO  - 2017-06-11T00:41:54.984Z] SessionManagerReqHand - _cleanupWindowlessSessions - Asynchronous Sessions clean-up phase starting NOW
[INFO  - 2017-06-11T00:46:54.984Z] SessionManagerReqHand - _cleanupWindowlessSessions - Asynchronous Sessions clean-up phase starting NOW
[INFO  - 2017-06-11T00:51:54.984Z] SessionManagerReqHand - _cleanupWindowlessSessions - Asynchronous Sessions clean-up phase starting NOW
[INFO  - 2017-06-11T00:56:54.984Z] SessionManagerReqHand - _cleanupWindowlessSessions - Asynchronous Sessions clean-up phase starting NOW
[INFO  - 2017-06-11T01:01:54.984Z] SessionManagerReqHand - _cleanupWindowlessSessions - Asynchronous Sessions clean-up phase starting NOW
[INFO  - 2017-06-11T01:06:54.985Z] SessionManagerReqHand - _cleanupWindowlessSessions - Asynchronous Sessions clean-up phase starting NOW
[INFO  - 2017-06-11T01:11:54.984Z] SessionManagerReqHand - _cleanupWindowlessSessions - Asynchronous Sessions clean-up phase starting NOW
[INFO  - 2017-06-11T01:16:54.984Z] SessionManagerReqHand - _cleanupWindowlessSessions - Asynchronous Sessions clean-up phase starting NOW
[INFO  - 2017-06-11T01:21:54.984Z] SessionManagerReqHand - _cleanupWindowlessSessions - Asynchronous Sessions clean-up phase starting NOW
[INFO  - 2017-06-11T01:26:54.984Z] SessionManagerReqHand - _cleanupWindowlessSessions - Asynchronous Sessions clean-up phase starting NOW
[INFO  - 2017-06-11T01:31:54.984Z] SessionManagerReqHand - _cleanupWindowlessSessions - Asynchronous Sessions clean-up phase starting NOW
[INFO  - 2017-06-11T01:36:54.984Z] SessionManagerReqHand - _cleanupWindowlessSessions - Asynchronous Sessions clean-up phase starting NOW
[INFO  - 2017-06-11T01:41:54.985Z] SessionManagerReqHand - _cleanupWindowlessSessions - Asynchronous Sessions clean-up phase starting NOW
[INFO  - 2017-06-11T01:46:54.984Z] SessionManagerReqHand - _cleanupWindowlessSessions - Asynchronous Sessions clean-up phase starting NOW
[INFO  - 2017-06-11T01:51:54.985Z] SessionManagerReqHand - _cleanupWindowlessSessions - Asynchronous Sessions clean-up phase starting NOW
[INFO  - 2017-06-11T01:56:54.985Z] SessionManagerReqHand - _cleanupWindowlessSessions - Asynchronous Sessions clean-up phase starting NOW
[INFO  - 2017-06-11T02:00:17.076Z] SessionManagerReqHand - _cleanupWindowlessSessions - Asynchronous Sessions clean-up phase starting NOW
YpEbNB4LiE.js:3)
  nrWrapper (https://fetchquick.com/sites/all/themes/fetchquick/js/new_relic_browser.js:1)
  renderBase64 (:0)
  createFailedCommandEH (phantomjs://platform/errors.js:229)
  handleFailedCommandEH (phantomjs://platform/errors.js:235)
  _handleLocateCommand (phantomjs://code/webelementlocator.js:240)
  (anonymous function) (phantomjs://code/webelementlocator.js:230)

  phantomjs://platform/console++.js:263 in error
[ERROR - 2017-06-10T20:00:37.271Z] Session [59ab6ab0-4e17-11e7-acd8-4bbcb4323eb7] - page.onError - msg: TypeError: undefined is not an object (evaluating 'slider.destroySlider')

  phantomjs://platform/console++.js:263 in error
[ERROR - 2017-06-10T20:00:37.271Z] Session [59ab6ab0-4e17-11e7-acd8-4bbcb4323eb7] - page.onError - stack:
  (anonymous function) (https://fetchquick.com/sites/default/files/advagg_js/js__0pRPNmeXElHcTce8aFZTw_GiQDLAm7e0JJ_40Y2zdxo__DHb83PbmeHNjm7MWlal4jAOXvB_IvEZRwU05JuoH6e4__KCPJT32pm-huvOp5RcbxMX7z9S7wwOd7WYpEbNB4LiE.js:19940)
  dispatch (https://fetchquick.com/sites/default/files/advagg_js/js__ZwKNRq8cfZX2hLuoqgGHDRN6mGwUIp9S1eh3f0VV3gs__sQ3_j8YpHr2_9JmPIpOUuAGwHzOTwQY3HNirUIDWdC0__KCPJT32pm-huvOp5RcbxMX7z9S7wwOd7WYpEbNB4LiE.js:3)
  handle (https://fetchquick.com/sites/default/files/advagg_js/js__ZwKNRq8cfZX2hLuoqgGHDRN6mGwUIp9S1eh3f0VV3gs__sQ3_j8YpHr2_9JmPIpOUuAGwHzOTwQY3HNirUIDWdC0__KCPJT32pm-huvOp5RcbxMX7z9S7wwOd7WYpEbNB4LiE.js:3)
  nrWrapper (https://fetchquick.com/sites/all/themes/fetchquick/js/new_relic_browser.js:1)
  renderBase64 (:0)
  createFailedCommandEH (phantomjs://platform/errors.js:229)
  handleFailedCommandEH (phantomjs://platform/errors.js:235)
  _handleLocateCommand (phantomjs://code/webelementlocator.js:240)
  (anonymous function) (phantomjs://code/webelementlocator.js:230)

  phantomjs://platform/console++.js:263 in error
[ERROR - 2017-06-10T20:00:39.032Z] WebElementLocator - _handleLocateCommand - Element(s) NOT Found: GAVE UP. Search Stop Time: 1497124839021

  phantomjs://platform/console++.js:263 in error
[ERROR - 2017-06-10T20:00:39.061Z] Session [59ab6ab0-4e17-11e7-acd8-4bbcb4323eb7] - page.onError - msg: TypeError: undefined is not an object (evaluating 'slider.destroySlider')

  phantomjs://platform/console++.js:263 in error
[ERROR - 2017-06-10T20:00:39.061Z] Session [59ab6ab0-4e17-11e7-acd8-4bbcb4323eb7] - page.onError - stack:
  (anonymous function) (https://fetchquick.com/sites/default/files/advagg_js/js__0pRPNmeXElHcTce8aFZTw_GiQDLAm7e0JJ_40Y2zdxo__DHb83PbmeHNjm7MWlal4jAOXvB_IvEZRwU05JuoH6e4__KCPJT32pm-huvOp5RcbxMX7z9S7wwOd7WYpEbNB4LiE.js:19940)
  dispatch (https://fetchquick.com/sites/default/files/advagg_js/js__ZwKNRq8cfZX2hLuoqgGHDRN6mGwUIp9S1eh3f0VV3gs__sQ3_j8YpHr2_9JmPIpOUuAGwHzOTwQY3HNirUIDWdC0__KCPJT32pm-huvOp5RcbxMX7z9S7wwOd7WYpEbNB4LiE.js:3)
  handle (https://fetchquick.com/sites/default/files/advagg_js/js__ZwKNRq8cfZX2hLuoqgGHDRN6mGwUIp9S1eh3f0VV3gs__sQ3_j8YpHr2_9JmPIpOUuAGwHzOTwQY3HNirUIDWdC0__KCPJT32pm-huvOp5RcbxMX7z9S7wwOd7WYpEbNB4LiE.js:3)
  nrWrapper (https://fetchquick.com/sites/all/themes/fetchquick/js/new_relic_browser.js:1)
  renderBase64 (:0)
  createFailedCommandEH (phantomjs://platform/errors.js:229)
  handleFailedCommandEH (phantomjs://platform/errors.js:235)
  _handleLocateCommand (phantomjs://code/webelementlocator.js:240)
  (anonymous function) (phantomjs://code/webelementlocator.js:230)

  phantomjs://platform/console++.js:263 in error
[ERROR - 2017-06-10T20:00:39.323Z] Session [59ab6ab0-4e17-11e7-acd8-4bbcb4323eb7] - page.onError - msg: TypeError: undefined is not an object (evaluating 'slider.destroySlider')

  phantomjs://platform/console++.js:263 in error
[ERROR - 2017-06-10T20:00:39.323Z] Session [59ab6ab0-4e17-11e7-acd8-4bbcb4323eb7] - page.onError - stack:
  (anonymous function) (https://fetchquick.com/sites/default/files/advagg_js/js__0pRPNmeXElHcTce8aFZTw_GiQDLAm7e0JJ_40Y2zdxo__DHb83PbmeHNjm7MWlal4jAOXvB_IvEZRwU05JuoH6e4__KCPJT32pm-huvOp5RcbxMX7z9S7wwOd7WYpEbNB4LiE.js:19940)
  dispatch (https://fetchquick.com/sites/default/files/advagg_js/js__ZwKNRq8cfZX2hLuoqgGHDRN6mGwUIp9S1eh3f0VV3gs__sQ3_j8YpHr2_9JmPIpOUuAGwHzOTwQY3HNirUIDWdC0__KCPJT32pm-huvOp5RcbxMX7z9S7wwOd7WYpEbNB4LiE.js:3)
  handle (https://fetchquick.com/sites/default/files/advagg_js/js__ZwKNRq8cfZX2hLuoqgGHDRN6mGwUIp9S1eh3f0VV3gs__sQ3_j8YpHr2_9JmPIpOUuAGwHzOTwQY3HNirUIDWdC0__KCPJT32pm-huvOp5RcbxMX7z9S7wwOd7WYpEbNB4LiE.js:3)
  nrWrapper (https://fetchquick.com/sites/all/themes/fetchquick/js/new_relic_browser.js:1)
  renderBase64 (:0)
  createFailedCommandEH (phantomjs://platform/errors.js:229)
  handleFailedCommandEH (phantomjs://platform/errors.js:235)
  _handleLocateCommand (phantomjs://code/webelementlocator.js:240)
  (anonymous function) (phantomjs://code/webelementlocator.js:230)

  phantomjs://platform/console++.js:263 in error
[ERROR - 2017-06-10T20:01:13.775Z] WebElementLocator - _handleLocateCommand - Element(s) NOT Found: GAVE UP. Search Stop Time: 1497124873756

  phantomjs://platform/console++.js:263 in error
[ERROR - 2017-06-10T20:01:13.828Z] Session [59ab6ab0-4e17-11e7-acd8-4bbcb4323eb7] - page.onError - msg: TypeError: undefined is not an object (evaluating 'slider.destroySlider')

  phantomjs://platform/console++.js:263 in error
[ERROR - 2017-06-10T20:01:13.828Z] Session [59ab6ab0-4e17-11e7-acd8-4bbcb4323eb7] - page.onError - stack:
  (anonymous function) (https://fetchquick.com/sites/default/files/advagg_js/js__0pRPNmeXElHcTce8aFZTw_GiQDLAm7e0JJ_40Y2zdxo__DHb83PbmeHNjm7MWlal4jAOXvB_IvEZRwU05JuoH6e4__KCPJT32pm-huvOp5RcbxMX7z9S7wwOd7WYpEbNB4LiE.js:19940)
  dispatch (https://fetchquick.com/sites/default/files/advagg_js/js__ZwKNRq8cfZX2hLuoqgGHDRN6mGwUIp9S1eh3f0VV3gs__sQ3_j8YpHr2_9JmPIpOUuAGwHzOTwQY3HNirUIDWdC0__KCPJT32pm-huvOp5RcbxMX7z9S7wwOd7WYpEbNB4LiE.js:3)
  handle (https://fetchquick.com/sites/default/files/advagg_js/js__ZwKNRq8cfZX2hLuoqgGHDRN6mGwUIp9S1eh3f0VV3gs__sQ3_j8YpHr2_9JmPIpOUuAGwHzOTwQY3HNirUIDWdC0__KCPJT32pm-huvOp5RcbxMX7z9S7wwOd7WYpEbNB4LiE.js:3)
  nrWrapper (https://fetchquick.com/sites/all/themes/fetchquick/js/new_relic_browser.js:1)
  renderBase64 (:0)
  createFailedCommandEH (phantomjs://platform/errors.js:229)
  handleFailedCommandEH (phantomjs://platform/errors.js:235)
  _handleLocateCommand (phantomjs://code/webelementlocator.js:240)
  (anonymous function) (phantomjs://code/webelementlocator.js:230)

  phantomjs://platform/console++.js:263 in error
[ERROR - 2017-06-10T20:01:14.402Z] Session [59ab6ab0-4e17-11e7-acd8-4bbcb4323eb7] - page.onError - msg: TypeError: undefined is not an object (evaluating 'slider.destroySlider')

  phantomjs://platform/console++.js:263 in error
[ERROR - 2017-06-10T20:01:14.402Z] Session [59ab6ab0-4e17-11e7-acd8-4bbcb4323eb7] - page.onError - stack:
  (anonymous function) (https://fetchquick.com/sites/default/files/advagg_js/js__0pRPNmeXElHcTce8aFZTw_GiQDLAm7e0JJ_40Y2zdxo__DHb83PbmeHNjm7MWlal4jAOXvB_IvEZRwU05JuoH6e4__KCPJT32pm-huvOp5RcbxMX7z9S7wwOd7WYpEbNB4LiE.js:19940)
  dispatch (https://fetchquick.com/sites/default/files/advagg_js/js__ZwKNRq8cfZX2hLuoqgGHDRN6mGwUIp9S1eh3f0VV3gs__sQ3_j8YpHr2_9JmPIpOUuAGwHzOTwQY3HNirUIDWdC0__KCPJT32pm-huvOp5RcbxMX7z9S7wwOd7WYpEbNB4LiE.js:3)
  handle (https://fetchquick.com/sites/default/files/advagg_js/js__ZwKNRq8cfZX2hLuoqgGHDRN6mGwUIp9S1eh3f0VV3gs__sQ3_j8YpHr2_9JmPIpOUuAGwHzOTwQY3HNirUIDWdC0__KCPJT32pm-huvOp5RcbxMX7z9S7wwOd7WYpEbNB4LiE.js:3)
  nrWrapper (https://fetchquick.com/sites/all/themes/fetchquick/js/new_relic_browser.js:1)
  renderBase64 (:0)
  createFailedCommandEH (phantomjs://platform/errors.js:229)
  handleFailedCommandEH (phantomjs://platform/errors.js:235)
  _handleLocateCommand (phantomjs://code/webelementlocator.js:240)
  (anonymous function) (phantomjs://code/webelementlocator.js:230)

  phantomjs://platform/console++.js:263 in error
[ERROR - 2017-06-10T20:01:17.604Z] WebElementLocator - _handleLocateCommand - Element(s) NOT Found: GAVE UP. Search Stop Time: 1497124877587

  phantomjs://platform/console++.js:263 in error
[ERROR - 2017-06-10T20:01:17.660Z] Session [59ab6ab0-4e17-11e7-acd8-4bbcb4323eb7] - page.onError - msg: TypeError: undefined is not an object (evaluating 'slider.destroySlider')

  phantomjs://platform/console++.js:263 in error
[ERROR - 2017-06-10T20:01:17.660Z] Session [59ab6ab0-4e17-11e7-acd8-4bbcb4323eb7] - page.onError - stack:
  (anonymous function) (https://fetchquick.com/sites/default/files/advagg_js/js__0pRPNmeXElHcTce8aFZTw_GiQDLAm7e0JJ_40Y2zdxo__DHb83PbmeHNjm7MWlal4jAOXvB_IvEZRwU05JuoH6e4__KCPJT32pm-huvOp5RcbxMX7z9S7wwOd7WYpEbNB4LiE.js:19940)
  dispatch (https://fetchquick.com/sites/default/files/advagg_js/js__ZwKNRq8cfZX2hLuoqgGHDRN6mGwUIp9S1eh3f0VV3gs__sQ3_j8YpHr2_9JmPIpOUuAGwHzOTwQY3HNirUIDWdC0__KCPJT32pm-huvOp5RcbxMX7z9S7wwOd7WYpEbNB4LiE.js:3)
  handle (https://fetchquick.com/sites/default/files/advagg_js/js__ZwKNRq8cfZX2hLuoqgGHDRN6mGwUIp9S1eh3f0VV3gs__sQ3_j8YpHr2_9JmPIpOUuAGwHzOTwQY3HNirUIDWdC0__KCPJT32pm-huvOp5RcbxMX7z9S7wwOd7WYpEbNB4LiE.js:3)
  nrWrapper (https://fetchquick.com/sites/all/themes/fetchquick/js/new_relic_browser.js:1)
  renderBase64 (:0)
  createFailedCommandEH (phantomjs://platform/errors.js:229)
  handleFailedCommandEH (phantomjs://platform/errors.js:235)
  _handleLocateCommand (phantomjs://code/webelementlocator.js:240)
  (anonymous function) (phantomjs://code/webelementlocator.js:230)

  phantomjs://platform/console++.js:263 in error
[ERROR - 2017-06-10T20:01:18.311Z] Session [59ab6ab0-4e17-11e7-acd8-4bbcb4323eb7] - page.onError - msg: TypeError: undefined is not an object (evaluating 'slider.destroySlider')

  phantomjs://platform/console++.js:263 in error
[ERROR - 2017-06-10T20:01:18.335Z] Session [59ab6ab0-4e17-11e7-acd8-4bbcb4323eb7] - page.onError - stack:
  (anonymous function) (https://fetchquick.com/sites/default/files/advagg_js/js__0pRPNmeXElHcTce8aFZTw_GiQDLAm7e0JJ_40Y2zdxo__DHb83PbmeHNjm7MWlal4jAOXvB_IvEZRwU05JuoH6e4__KCPJT32pm-huvOp5RcbxMX7z9S7wwOd7WYpEbNB4LiE.js:19940)
  dispatch (https://fetchquick.com/sites/default/files/advagg_js/js__ZwKNRq8cfZX2hLuoqgGHDRN6mGwUIp9S1eh3f0VV3gs__sQ3_j8YpHr2_9JmPIpOUuAGwHzOTwQY3HNirUIDWdC0__KCPJT32pm-huvOp5RcbxMX7z9S7wwOd7WYpEbNB4LiE.js:3)
  handle (https://fetchquick.com/sites/default/files/advagg_js/js__ZwKNRq8cfZX2hLuoqgGHDRN6mGwUIp9S1eh3f0VV3gs__sQ3_j8YpHr2_9JmPIpOUuAGwHzOTwQY3HNirUIDWdC0__KCPJT32pm-huvOp5RcbxMX7z9S7wwOd7WYpEbNB4LiE.js:3)
  nrWrapper (https://fetchquick.com/sites/all/themes/fetchquick/js/new_relic_browser.js:1)
  renderBase64 (:0)
  createFailedCommandEH (phantomjs://platform/errors.js:229)
  handleFailedCommandEH (phantomjs://platform/errors.js:235)
  _handleLocateCommand (phantomjs://code/webelementlocator.js:240)
  (anonymous function) (phantomjs://code/webelementlocator.js:230)

  phantomjs://platform/console++.js:263 in error
[ERROR - 2017-06-10T20:01:22.595Z] WebElementLocator - _handleLocateCommand - Element(s) NOT Found: GAVE UP. Search Stop Time: 1497124882542

  phantomjs://platform/console++.js:263 in error
[ERROR - 2017-06-10T20:01:22.772Z] Session [59ab6ab0-4e17-11e7-acd8-4bbcb4323eb7] - page.onError - msg: TypeError: undefined is not an object (evaluating 'slider.destroySlider')

  phantomjs://platform/console++.js:263 in error
[ERROR - 2017-06-10T20:01:22.772Z] Session [59ab6ab0-4e17-11e7-acd8-4bbcb4323eb7] - page.onError - stack:
  (anonymous function) (https://fetchquick.com/sites/default/files/advagg_js/js__0pRPNmeXElHcTce8aFZTw_GiQDLAm7e0JJ_40Y2zdxo__DHb83PbmeHNjm7MWlal4jAOXvB_IvEZRwU05JuoH6e4__KCPJT32pm-huvOp5RcbxMX7z9S7wwOd7WYpEbNB4LiE.js:19940)
  dispatch (https://fetchquick.com/sites/default/files/advagg_js/js__ZwKNRq8cfZX2hLuoqgGHDRN6mGwUIp9S1eh3f0VV3gs__sQ3_j8YpHr2_9JmPIpOUuAGwHzOTwQY3HNirUIDWdC0__KCPJT32pm-huvOp5RcbxMX7z9S7wwOd7WYpEbNB4LiE.js:3)
  handle (https://fetchquick.com/sites/default/files/advagg_js/js__ZwKNRq8cfZX2hLuoqgGHDRN6mGwUIp9S1eh3f0VV3gs__sQ3_j8YpHr2_9JmPIpOUuAGwHzOTwQY3HNirUIDWdC0__KCPJT32pm-huvOp5RcbxMX7z9S7wwOd7WYpEbNB4LiE.js:3)
  nrWrapper (https://fetchquick.com/sites/all/themes/fetchquick/js/new_relic_browser.js:1)
  renderBase64 (:0)
  createFailedCommandEH (phantomjs://platform/errors.js:229)
  handleFailedCommandEH (phantomjs://platform/errors.js:235)
  _handleLocateCommand (phantomjs://code/webelementlocator.js:240)
  (anonymous function) (phantomjs://code/webelementlocator.js:230)

  phantomjs://platform/console++.js:263 in error
[ERROR - 2017-06-10T20:01:31.642Z] Session [59ab6ab0-4e17-11e7-acd8-4bbcb4323eb7] - page.onError - msg: TypeError: undefined is not an object (evaluating 'slider.destroySlider')

  phantomjs://platform/console++.js:263 in error
[ERROR - 2017-06-10T20:01:31.718Z] Session [59ab6ab0-4e17-11e7-acd8-4bbcb4323eb7] - page.onError - stack:
  (anonymous function) (https://fetchquick.com/sites/default/files/advagg_js/js__0pRPNmeXElHcTce8aFZTw_GiQDLAm7e0JJ_40Y2zdxo__DHb83PbmeHNjm7MWlal4jAOXvB_IvEZRwU05JuoH6e4__KCPJT32pm-huvOp5RcbxMX7z9S7wwOd7WYpEbNB4LiE.js:19940)
  dispatch (https://fetchquick.com/sites/default/files/advagg_js/js__ZwKNRq8cfZX2hLuoqgGHDRN6mGwUIp9S1eh3f0VV3gs__sQ3_j8YpHr2_9JmPIpOUuAGwHzOTwQY3HNirUIDWdC0__KCPJT32pm-huvOp5RcbxMX7z9S7wwOd7WYpEbNB4LiE.js:3)
  handle (https://fetchquick.com/sites/default/files/advagg_js/js__ZwKNRq8cfZX2hLuoqgGHDRN6mGwUIp9S1eh3f0VV3gs__sQ3_j8YpHr2_9JmPIpOUuAGwHzOTwQY3HNirUIDWdC0__KCPJT32pm-huvOp5RcbxMX7z9S7wwOd7WYpEbNB4LiE.js:3)
  nrWrapper (https://fetchquick.com/sites/all/themes/fetchquick/js/new_relic_browser.js:1)
  renderBase64 (:0)
  createFailedCommandEH (phantomjs://platform/errors.js:229)
  handleFailedCommandEH (phantomjs://platform/errors.js:235)
  _handleLocateCommand (phantomjs://code/webelementlocator.js:240)
  (anonymous function) (phantomjs://code/webelementlocator.js:230)

  phantomjs://platform/console++.js:263 in error
PhantomJS has crashed. Please read the bug reporting guide at
<http://phantomjs.org/bug-reporting.html> and file a bug report.
