[INFO  - 2017-07-26T04:42:06.564Z] GhostDriver - Main - running on port 40550
[INFO  - 2017-07-26T04:42:07.504Z] Session [c79f84c0-71bc-11e7-95d3-31df2c39733b] - page.settings - {"XSSAuditingEnabled":false,"javascriptCanCloseWindows":true,"javascriptCanOpenWindows":true,"javascriptEnabled":true,"loadImages":true,"localToRemoteUrlAccessEnabled":false,"userAgent":"Mozilla/5.0 (Unknown; Linux x86_64) AppleWebKit/538.1 (KHTML, like Gecko) PhantomJS/2.1.1 Safari/538.1","webSecurityEnabled":true}
[INFO  - 2017-07-26T04:42:07.504Z] Session [c79f84c0-71bc-11e7-95d3-31df2c39733b] - page.customHeaders:  - {}
[INFO  - 2017-07-26T04:42:07.504Z] Session [c79f84c0-71bc-11e7-95d3-31df2c39733b] - Session.negotiatedCapabilities - {"browserName":"phantomjs","version":"2.1.1","driverName":"ghostdriver","driverVersion":"1.2.0","platform":"linux-unknown-64bit","javascriptEnabled":true,"takesScreenshot":true,"handlesAlerts":false,"databaseEnabled":false,"locationContextEnabled":false,"applicationCacheEnabled":false,"browserConnectionEnabled":false,"cssSelectorsEnabled":true,"webStorageEnabled":false,"rotatable":false,"acceptSslCerts":false,"nativeEvents":true,"proxy":{"proxyType":"direct"}}
[INFO  - 2017-07-26T04:42:07.504Z] SessionManagerReqHand - _postNewSessionCommand - New Session Created: c79f84c0-71bc-11e7-95d3-31df2c39733b
[ERROR - 2017-07-26T04:42:36.139Z] WebElementLocator - _handleLocateCommand - Element(s) NOT Found: GAVE UP. Search Stop Time: 1501044156102

  phantomjs://platform/console++.js:263 in error
[ERROR - 2017-07-26T04:42:37.756Z] WebElementLocator - _handleLocateCommand - Element(s) NOT Found: GAVE UP. Search Stop Time: 1501044157723

  phantomjs://platform/console++.js:263 in error
[ERROR - 2017-07-26T04:42:39.375Z] WebElementLocator - _handleLocateCommand - Element(s) NOT Found: GAVE UP. Search Stop Time: 1501044159335

  phantomjs://platform/console++.js:263 in error
[ERROR - 2017-07-26T04:42:40.990Z] WebElementLocator - _handleLocateCommand - Element(s) NOT Found: GAVE UP. Search Stop Time: 1501044160955

  phantomjs://platform/console++.js:263 in error
[ERROR - 2017-07-26T04:42:42.608Z] WebElementLocator - _handleLocateCommand - Element(s) NOT Found: GAVE UP. Search Stop Time: 1501044162573

  phantomjs://platform/console++.js:263 in error
[ERROR - 2017-07-26T04:42:44.230Z] WebElementLocator - _handleLocateCommand - Element(s) NOT Found: GAVE UP. Search Stop Time: 1501044164193

  phantomjs://platform/console++.js:263 in error
[ERROR - 2017-07-26T04:42:45.848Z] WebElementLocator - _handleLocateCommand - Element(s) NOT Found: GAVE UP. Search Stop Time: 1501044165814

  phantomjs://platform/console++.js:263 in error
[ERROR - 2017-07-26T04:42:47.464Z] WebElementLocator - _handleLocateCommand - Element(s) NOT Found: GAVE UP. Search Stop Time: 1501044167429

  phantomjs://platform/console++.js:263 in error
[ERROR - 2017-07-26T04:42:49.080Z] WebElementLocator - _handleLocateCommand - Element(s) NOT Found: GAVE UP. Search Stop Time: 1501044169044

  phantomjs://platform/console++.js:263 in error
[ERROR - 2017-07-26T04:42:50.692Z] WebElementLocator - _handleLocateCommand - Element(s) NOT Found: GAVE UP. Search Stop Time: 1501044170660

  phantomjs://platform/console++.js:263 in error
[ERROR - 2017-07-26T04:42:52.304Z] WebElementLocator - _handleLocateCommand - Element(s) NOT Found: GAVE UP. Search Stop Time: 1501044172271

  phantomjs://platform/console++.js:263 in error
[ERROR - 2017-07-26T04:42:53.921Z] WebElementLocator - _handleLocateCommand - Element(s) NOT Found: GAVE UP. Search Stop Time: 1501044173884

  phantomjs://platform/console++.js:263 in error
[ERROR - 2017-07-26T04:42:55.535Z] WebElementLocator - _handleLocateCommand - Element(s) NOT Found: GAVE UP. Search Stop Time: 1501044175501

  phantomjs://platform/console++.js:263 in error
